[ERROR] [DATE]Thu, 01 Jan 1970 00:00:00 GMT [INFO] Failed binding socket.
[ERROR] [DATE]Thu, 01 Jan 1970 00:00:00 GMT [INFO] Failed binding socket.
[ERROR] [DATE]Thu, 01 Jan 1970 00:00:00 GMT [INFO] Failed binding socket.
[ERROR] [DATE]Thu, 01 Jan 1970 00:00:00 GMT [INFO] Failed binding socket.
[ERROR] [DATE]Thu, 01 Jan 1970 00:00:00 GMT [INFO] Failed binding socket.
[ERROR] [DATE]Thu, 01 Jan 1970 00:00:00 GMT [INFO] Failed binding socket.
[ERROR] [DATE]Thu, 01 Jan 1970 00:00:00 GMT [INFO] Failed binding socket.
[ERROR] [DATE]Thu, 01 Jan 1970 00:00:00 GMT [INFO] Failed binding socket.
[ERROR] [DATE]Thu, 01 Jan 1970 00:00:00 GMT [INFO] Failed binding socket.
[ERROR] [DATE]Thu, 01 Jan 1970 00:00:00 GMT [INFO] Failed binding socket.
[ERROR] [DATE]Thu, 01 Jan 1970 00:00:00 GMT [INFO] Failed binding socket.
[ERROR] [DATE]Thu, 01 Jan 1970 00:00:00 GMT [INFO] Failed binding socket.
[ERROR] [DATE]Thu, 01 Jan 1970 00:00:00 GMT [INFO] Failed binding socket.
[ERROR] [DATE]Thu, 01 Jan 1970 00:00:00 GMT [INFO] Failed binding socket.
[ERROR] [DATE]Thu, 01 Jan 1970 00:00:00 GMT [INFO] Failed binding socket.
[ERROR] [DATE]Thu, 01 Jan 1970 00:00:00 GMT [INFO] Failed binding socket.
[ERROR] [DATE]Thu, 01 Jan 1970 00:00:00 GMT [INFO] Failed binding socket.
[ERROR] [DATE]Thu, 01 Jan 1970 00:00:00 GMT [INFO] Failed binding socket.
[ERROR] [DATE]Thu, 01 Jan 1970 00:00:00 GMT [INFO] Failed binding socket.
[ERROR] [DATE]Thu, 01 Jan 1970 00:00:00 GMT [INFO] Failed binding socket.
[ERROR] [DATE]Thu, 01 Jan 1970 00:00:00 GMT [INFO] Failed binding socket.
[ERROR] [DATE]Thu, 01 Jan 1970 00:00:00 GMT [INFO] Failed binding socket.
[ERROR] [DATE]Thu, 01 Jan 1970 00:00:00 GMT [INFO] Failed binding socket.
[ERROR] [DATE]Thu, 01 Jan 1970 00:00:00 GMT [INFO] Failed binding socket.
[ERROR] [DATE]Thu, 01 Jan 1970 00:00:00 GMT [INFO] Failed binding socket.
[ERROR] [DATE]Thu, 01 Jan 1970 00:00:00 GMT [INFO] Failed binding socket.
[ERROR] [DATE]Thu, 01 Jan 1970 00:00:00 GMT [INFO] Failed binding socket.
[ERROR] [DATE]Thu, 01 Jan 1970 00:00:00 GMT [INFO] Failed binding socket.
Date:IP:[ERROR] [DATE]Wed, 29 May 2024 06:47:48 GMT [INFO] Failed binding socket.
Date:IP:[ERROR] [DATE]Thu, 01 Jan 1970 00:00:00 GMT [INFO] Failed binding socket.
Date:IP:[ERROR] [DATE]Thu, 01 Jan 1970 00:00:00 GMT [INFO] Failed binding socket.
Date:IP:[ERROR] [DATE]Thu, 01 Jan 1970 00:00:00 GMT [INFO] Failed binding socket.
Date:IP:[ERROR] [DATE]Thu, 01 Jan 1970 00:00:00 GMT [INFO] Failed binding socket.
Date:IP:[ERROR] [DATE]Thu, 01 Jan 1970 00:00:00 GMT [INFO] Failed binding socket.
Date:IP:[ERROR] [DATE]Thu, 01 Jan 1970 00:00:00 GMT [INFO] Failed binding socket.
Date:IP:[ERROR] [DATE]Thu, 01 Jan 1970 00:00:00 GMT [INFO] Failed binding socket.
Date:IP:[ERROR] [DATE]Thu, 01 Jan 1970 00:00:00 GMT [INFO] Failed binding socket.
Date:IP:[ERROR] [DATE]Thu, 01 Jan 1970 00:00:00 GMT [INFO] Failed binding socket.
Date:IP:[ERROR] [DATE]Thu, 01 Jan 1970 00:00:00 GMT [INFO] Failed binding socket.
Date:IP:[ERROR] [DATE]Thu, 01 Jan 1970 00:00:00 GMT [INFO] Failed binding socket.
Date:IP:[ERROR] [DATE]Thu, 01 Jan 1970 00:00:00 GMT [INFO] Failed binding socket.
Date:IP:[ERROR] [DATE]Thu, 01 Jan 1970 00:00:00 GMT [INFO] Failed binding socket.
Date:IP:[ERROR] [DATE]Thu, 01 Jan 1970 00:00:00 GMT [INFO] Failed binding socket.
Date:IP:[ERROR] [DATE]Thu, 01 Jan 1970 00:00:00 GMT [INFO] Failed binding socket.
Date:  IP:[ERROR] [DATE]Thu, 01 Jan 1970 00:00:00 GMT [INFO] Failed binding socket.
Date:  IP:[ERROR] [DATE]Thu, 01 Jan 1970 00:00:00 GMT [INFO] Failed binding socket.
Date:  IP:[ERROR] [DATE]Thu, 01 Jan 1970 00:00:00 GMT [INFO] Failed binding socket.
Date:  IP:[ERROR] [DATE]Thu, 01 Jan 1970 00:00:00 GMT [INFO] Failed binding socket.
Date:  IP:[ERROR] [DATE]Thu, 01 Jan 1970 00:00:00 GMT [INFO] Failed binding socket.
Date:  IP:[ERROR] [DATE]Thu, 01 Jan 1970 00:00:00 GMT [INFO] Failed binding socket.
Date:  IP:[ERROR] [DATE]Thu, 01 Jan 1970 00:00:00 GMT [INFO] Failed binding socket.
Date:  IP:[ERROR] [DATE]Thu, 01 Jan 1970 00:00:00 GMT [INFO] Failed binding socket.
Date:  IP:[ERROR] [DATE]Thu, 01 Jan 1970 00:00:00 GMT [INFO] Failed binding socket.
Date:  IP:[ERROR] [DATE]Thu, 01 Jan 1970 00:00:00 GMT [INFO] Failed binding socket.
Date:  IP:[ERROR] [DATE]Thu, 01 Jan 1970 00:00:00 GMT [INFO] Failed binding socket.
Date:  IP:[ERROR] [DATE]Thu, 01 Jan 1970 00:00:00 GMT [INFO] Failed binding socket.
Date:  IP:[ERROR] [DATE]Thu, 01 Jan 1970 00:00:00 GMT [INFO] Failed binding socket.
Date:  IP:[ERROR] [DATE]Thu, 01 Jan 1970 00:00:00 GMT [INFO] Failed binding socket.
[Date: Wed, 29 May 2024 07:11:38 GMT] [Client: NULL] [ERROR] [DATE]Thu, 01 Jan 1970 00:00:00 GMT [INFO] Failed binding socket.
[Date: Wed, 29 May 2024 07:11:41 GMT] [Client: NULL] [ERROR] [DATE]Thu, 01 Jan 1970 00:00:00 GMT [INFO] Failed binding socket.
[Date: Wed, 29 May 2024 07:11:41 GMT] [Client: NULL] [ERROR] [DATE]Thu, 01 Jan 1970 00:00:00 GMT [INFO] Failed binding socket.
[Date: Wed, 29 May 2024 07:11:42 GMT] [Client: NULL] [ERROR] [DATE]Thu, 01 Jan 1970 00:00:00 GMT [INFO] Failed binding socket.
[Date: Wed, 29 May 2024 07:11:42 GMT] [Client: NULL] [ERROR] [DATE]Thu, 01 Jan 1970 00:00:00 GMT [INFO] Failed binding socket.
[Date: Wed, 29 May 2024 07:11:43 GMT] [Client: NULL] [ERROR] [DATE]Thu, 01 Jan 1970 00:00:00 GMT [INFO] Failed binding socket.
[Date: Wed, 29 May 2024 07:11:43 GMT] [Client: NULL] [ERROR] [DATE]Thu, 01 Jan 1970 00:00:00 GMT [INFO] Failed binding socket.
[Date: Wed, 29 May 2024 07:11:44 GMT] [Client: NULL] [ERROR] [DATE]Thu, 01 Jan 1970 00:00:00 GMT [INFO] Failed binding socket.
[Date: Wed, 29 May 2024 07:11:45 GMT] [Client: NULL] [ERROR] [DATE]Thu, 01 Jan 1970 00:00:00 GMT [INFO] Failed binding socket.
[Date: Wed, 29 May 2024 07:11:46 GMT] [Client: NULL] [ERROR] [DATE]Thu, 01 Jan 1970 00:00:00 GMT [INFO] Failed binding socket.
[Date: Wed, 29 May 2024 07:11:47 GMT] [Client: NULL] [ERROR] [DATE]Thu, 01 Jan 1970 00:00:00 GMT [INFO] Failed binding socket.
[Date: Wed, 29 May 2024 07:11:47 GMT] [Client: NULL] [ERROR] [DATE]Thu, 01 Jan 1970 00:00:00 GMT [INFO] Failed binding socket.
[Date: Wed, 29 May 2024 07:11:48 GMT] [Client: NULL] [ERROR] [DATE]Thu, 01 Jan 1970 00:00:00 GMT [INFO] Failed binding socket.
[Date: Wed, 29 May 2024 07:11:52 GMT] [Client: NULL] [ERROR] [DATE]Thu, 01 Jan 1970 00:00:00 GMT [INFO] Failed binding socket.
[Date: Wed, 29 May 2024 07:11:53 GMT] [Client: NULL] [ERROR] [DATE]Thu, 01 Jan 1970 00:00:00 GMT [INFO] Failed binding socket.
[Date: Wed, 29 May 2024 07:11:54 GMT] [Client: NULL] [ERROR] [DATE]Thu, 01 Jan 1970 00:00:00 GMT [INFO] Failed binding socket.
[Date: Wed, 29 May 2024 07:12:10 GMT] [Client: NULL] [ERROR] [DATE]Thu, 01 Jan 1970 00:00:00 GMT [INFO] Failed binding socket.
[Date: Wed, 29 May 2024 07:12:11 GMT] [Client: NULL] [ERROR] [DATE]Thu, 01 Jan 1970 00:00:00 GMT [INFO] Failed binding socket.
[Date: Wed, 29 May 2024 07:12:16 GMT] [Client: NULL] [ERROR] [DATE]Thu, 01 Jan 1970 00:00:00 GMT [INFO] Failed binding socket.
[Date: Wed, 29 May 2024 07:14:34 GMT] [Client: NULL] [ERROR] [DATE]Thu, 01 Jan 1970 00:00:00 GMT [INFO] Failed binding socket.
[Date: Wed, 29 May 2024 07:14:50 GMT] [Client: NULL] [ERROR] [DATE]Thu, 01 Jan 1970 00:00:00 GMT [INFO] Failed binding socket.
[Date: Wed, 29 May 2024 07:14:53 GMT] [Client: NULL] [ERROR] [DATE]Thu, 01 Jan 1970 00:00:00 GMT [INFO] Failed binding socket.
[Date: Wed, 29 May 2024 07:14:53 GMT] [Client: NULL] [ERROR] [DATE]Thu, 01 Jan 1970 00:00:00 GMT [INFO] Failed binding socket.
[Date: Wed, 29 May 2024 07:14:57 GMT] [Client: NULL] [ERROR] [DATE]Thu, 01 Jan 1970 00:00:00 GMT [INFO] Failed binding socket.
[Date: Wed, 29 May 2024 07:14:58 GMT] [Client: NULL] [ERROR] [DATE]Thu, 01 Jan 1970 00:00:00 GMT [INFO] Failed binding socket.
[Date: Wed, 29 May 2024 07:14:58 GMT] [Client: NULL] [ERROR] [DATE]Thu, 01 Jan 1970 00:00:00 GMT [INFO] Failed binding socket.
[Date: Wed, 29 May 2024 07:14:59 GMT] [Client: NULL] [ERROR] [DATE]Thu, 01 Jan 1970 00:00:00 GMT [INFO] Failed binding socket.
[Date: Wed, 29 May 2024 07:15:18 GMT] [Client: NULL] [ERROR] [DATE]Thu, 01 Jan 1970 00:00:00 GMT [INFO] Failed binding socket.
[Date: Wed, 29 May 2024 07:15:19 GMT] [Client: NULL] [ERROR] [DATE]Thu, 01 Jan 1970 00:00:00 GMT [INFO] Failed binding socket.
[Date: Wed, 29 May 2024 07:15:19 GMT] [Client: NULL] [ERROR] [DATE]Thu, 01 Jan 1970 00:00:00 GMT [INFO] Failed binding socket.
[Date: Wed, 29 May 2024 07:15:19 GMT] [Client: NULL] [ERROR] [DATE]Thu, 01 Jan 1970 00:00:00 GMT [INFO] Failed binding socket.
[Date: Wed, 29 May 2024 07:15:20 GMT] [Client: NULL] [ERROR] [DATE]Thu, 01 Jan 1970 00:00:00 GMT [INFO] Failed binding socket.
[Date: Wed, 29 May 2024 07:15:20 GMT] [Client: NULL] [ERROR] [DATE]Thu, 01 Jan 1970 00:00:00 GMT [INFO] Failed binding socket.
[Date: Wed, 29 May 2024 07:15:24 GMT] [Client: NULL] [ERROR] [DATE]Thu, 01 Jan 1970 00:00:00 GMT [INFO] Failed binding socket.
[Date: Wed, 29 May 2024 07:15:24 GMT] [Client: NULL] [ERROR] [DATE]Thu, 01 Jan 1970 00:00:00 GMT [INFO] Failed binding socket.
[Date: Wed, 29 May 2024 07:15:25 GMT] [Client: NULL] [ERROR] [DATE]Thu, 01 Jan 1970 00:00:00 GMT [INFO] Failed binding socket.
[Date: Wed, 29 May 2024 07:15:25 GMT] [Client: NULL] [ERROR] [DATE]Thu, 01 Jan 1970 00:00:00 GMT [INFO] Failed binding socket.
[Date: Wed, 29 May 2024 07:15:26 GMT] [Client: NULL] [ERROR] [DATE]Thu, 01 Jan 1970 00:00:00 GMT [INFO] Failed binding socket.
